#
# There is insufficient memory for the Java Runtime Environment to continue.
# Native memory allocation (mmap) failed to map 268435456 bytes for G1 virtual space
# Possible reasons:
#   The system is out of physical RAM or swap space
#   The process is running with CompressedOops enabled, and the Java Heap may be blocking the growth of the native heap
# Possible solutions:
#   Reduce memory load on the system
#   Increase physical memory or swap space
#   Check if swap backing store is full
#   Decrease Java heap size (-Xmx/-Xms)
#   Decrease number of Java threads
#   Decrease Java thread stack sizes (-Xss)
#   Set larger code cache with -XX:ReservedCodeCacheSize=
#   JVM is running with Zero Based Compressed Oops mode in which the Java heap is
#     placed in the first 32GB address space. The Java Heap base address is the
#     maximum limit for the native heap growth. Please use -XX:HeapBaseMinAddress
#     to set the Java Heap base and to place the Java Heap above 32GB virtual address.
# This output file may be truncated or incomplete.
#
#  Out of Memory Error (os_windows.cpp:3769), pid=9012, tid=9936
#
# JRE version:  (17.0.6+1) (build )
# Java VM: OpenJDK 64-Bit Server VM (17.0.6+1-b653.34, mixed mode, sharing, tiered, compressed oops, compressed class ptrs, g1 gc, windows-amd64)
# No core dump will be written. Minidumps are not enabled by default on client versions of Windows
#

---------------  S U M M A R Y ------------

Command Line: git4idea.http.GitAskPassApp Username for 'https://github.com': 

Host: Intel(R) Xeon(R) Gold 6252 CPU @ 2.10GHz, 4 cores, 15G,  Windows 10 , 64 bit Build 19041 (10.0.19041.1466)
Time: Thu May  4 19:26:15 2023 Paris, Madrid (heure duild 19041 (10.0.19041.1466) elapsed time: 0.012379 seconds (0d 0h 0m 0s)

---------------  T H R E A D  ---------------

Current thread (0x0000012883e6fb20):  JavaThread "Unknown thread" [_thread_in_vm, id=9936, stack(0x0000001842100000,0x0000001842200000)]

Stack: [0x0000001842100000,0x0000001842200000]
Native frames: (J=compiled Java code, j=interpreted, Vv=VM code, C=native code)
V  [jvm.dll+0x683b4a]
V  [jvm.dll+0x842654]
V  [jvm.dll+0x843dfe]
V  [jvm.dll+0x844463]
V  [jvm.dll+0x249b75]
V  [jvm.dll+0x680a19]
V  [jvm.dll+0x674f0a]
V  [jvm.dll+0x309acb]
V  [jvm.dll+0x310f86]
V  [jvm.dll+0x3608ee]
V  [jvm.dll+0x360b1f]
V  [jvm.dll+0x2dfbf8]
V  [jvm.dll+0x2e0b64]
V  [jvm.dll+0x813f41]
V  [jvm.dll+0x36e6a1]
V  [jvm.dll+0x7f347c]
V  [jvm.dll+0x3f0e8f]
V  [jvm.dll+0x3f29d1]
C  [jli.dll+0x526b]
C  [ucrtbase.dll+0x21bb2]
C  [KERNEL32.DLL+0x17034]
C  [ntdll.dll+0x52651]


---------------  P R O C E S S  ---------------

Threads class SMR info:
_java_thread_list=0x00007ffba99ec058, length=0, elements={
}

Java Threads: ( => current thread )

Other Threads:
  0x0000012883edbf80 GCTaskThread "GC Thread#0" [stack: 0x0000001842200000,0x0000001842300000] [id=2236]
  0x0000012883edcb60 ConcurrentGCThread "G1 Main Marker" [stack: 0x0000001842300000,0x0000001842400000] [id=740]
  0x0000012883ede9a0 ConcurrentGCThread "G1 Conc#0" [stack: 0x0000001842400000,0x0000001842500000] [id=12764]

[error occurred during error reporting (printing all threads), id 0xc0000005, EXCEPTION_ACCESS_VIOLATION (0xc0000005) at pc=0x00007ffba91a0797]

VM state: not at safepoint (not fully initialized)

VM Mutex/Monitor currently owned by a thread:  ([mutex/lock_event])
[0x0000012883e6c6b0] Heap_lock - owner thread: 0x0000012883e6fb20

Heap address: 0x0000000700000000, size: 4096 MB, Compressed Oops mode: Zero based, Oop shift amount: 3

CDS archive(s) mapped at: [0x0000000000000000-0x0000000000000000-0x0000000000000000), size 0, SharedBaseAddress: 0x0000000800000000, ArchiveRelocationMode: 0.
Narrow klass base: 0x0000000000000000, Narrow klass shift: 0, Narrow klass range: 0x0

GC Precious Log:
<Empty>

Heap:
 garbage-first heap   total 0K, used 0K [0x0000000700000000, 0x0000000800000000)
  region size 2048K, 0 young (0K), 0 survivors (0K)

[error occurred during error reporting (printing heap information), id 0xc0000005, EXCEPTION_ACCESS_VIOLATION (0xc0000005) at pc=0x00007ffba958d939]

GC Heap History (0 events):
No events

Dll operation events (1 events):
Event: 0.006 Loaded shared library C:\Program Files\JetBrains\PhpStorm 2022.3.3\jbr\bin\java.dll

Deoptimization events (0 events):
No events

Classes unloaded (0 events):
No events

Classes redefined (0 events):
No events

Internal exceptions (0 events):
No events

VM Operations (0 events):
No events

Events (0 events):
No events


Dynamic libraries:
0x00007ff733f00000 - 0x00007ff733f0a000 	C:\Program Files\JetBrains\PhpStorm 2022.3.3\jbr\bin\java.exe
0x00007ffc18030000 - 0x00007ffc18225000 	C:\WINDOWS\SYSTEM32\ntdll.dll
0x00007ffc17430000 - 0x00007ffc174ee000 	C:\WINDOWS\System32\KERNEL32.DLL
0x00007ffc159a0000 - 0x00007ffc15c68000 	C:\WINDOWS\System32\KERNELBASE.dll
0x00007ffc158a0000 - 0x00007ffc159a0000 	C:\WINDOWS\System32\ucrtbase.dll
0x00007ffbe0860000 - 0x00007ffbe0877000 	C:\Program Files\JetBrains\PhpStorm 2022.3.3\jbr\bin\jli.dll
0x00007ffbdb170000 - 0x00007ffbdb18b000 	C:\Program Files\JetBrains\PhpStorm 2022.3.3\jbr\bin\VCRUNTIME140.dll
0x00007ffc17cf0000 - 0x00007ffc17e91000 	C:\WINDOWS\System32\USER32.dll
0x00007ffc15dc0000 - 0x00007ffc15de2000 	C:\WINDOWS\System32\win32u.dll
0x00007ffc16070000 - 0x00007ffc1609b000 	C:\WINDOWS\System32\GDI32.dll
0x00007ffc13550000 - 0x00007ffc137ea000 	C:\WINDOWS\WinSxS\amd64_microsoft.windows.common-controls_6595b64144ccf1df_6.0.19041.1110_none_60b5254171f9507e\COMCTL32.dll
0x00007ffc15f30000 - 0x00007ffc1603d000 	C:\WINDOWS\System32\gdi32full.dll
0x00007ffc15c70000 - 0x00007ffc15d0d000 	C:\WINDOWS\System32\msvcp_win.dll
0x00007ffc16c30000 - 0x00007ffc16cce000 	C:\WINDOWS\System32\msvcrt.dll
0x00007ffc17400000 - 0x00007ffc17430000 	C:\WINDOWS\System32\IMM32.DLL
0x00007ffc15530000 - 0x00007ffc1558d000 	C:\Program Files\Citrix\System32\MfApHook64.dll
0x00007ffc16da0000 - 0x00007ffc16e4e000 	C:\WINDOWS\System32\ADVAPI32.dll
0x00007ffc160a0000 - 0x00007ffc1613c000 	C:\WINDOWS\System32\sechost.dll
0x00007ffc16e50000 - 0x00007ffc16f75000 	C:\WINDOWS\System32\RPCRT4.dll
0x00007ffc14f30000 - 0x00007ffc14f5b000 	C:\Program Files\Citrix\ICAService\CtxDodHook64.dll
0x00007ffc15440000 - 0x00007ffc15472000 	C:\Program Files\Citrix\ICAService\picaFullScreenHookX64.dll
0x00007ffc14ee0000 - 0x00007ffc14f2e000 	C:\Program Files\Citrix\ICAService\ShellHook64.dll
0x00007ffc16460000 - 0x00007ffc16ba4000 	C:\WINDOWS\System32\SHELL32.dll
0x00007ffc17900000 - 0x00007ffc17955000 	C:\WINDOWS\System32\SHLWAPI.dll
0x00007ffc14d40000 - 0x00007ffc14ebe000 	C:\Program Files\Citrix\ICAService\SCardHook64.dll
0x00007ffc14500000 - 0x00007ffc1452a000 	C:\Program Files\Citrix\ICAService\cxinjime64.dll
0x00007ffc144b0000 - 0x00007ffc144f9000 	C:\Program Files\Citrix\ICAService\PicaWtsHook64.dll
0x00007ffc030d0000 - 0x00007ffc030dc000 	C:\Program Files\JetBrains\PhpStorm 2022.3.3\jbr\bin\vcruntime140_1.dll
0x00007ffbad420000 - 0x00007ffbad4ad000 	C:\Program Files\JetBrains\PhpStorm 2022.3.3\jbr\bin\msvcp140.dll
0x00007ffba8eb0000 - 0x00007ffba9b1d000 	C:\Program Files\JetBrains\PhpStorm 2022.3.3\jbr\bin\server\jvm.dll
0x00007ffc0cd20000 - 0x00007ffc0cd47000 	C:\WINDOWS\SYSTEM32\WINMM.dll
0x00007ffc15330000 - 0x00007ffc1533a000 	C:\WINDOWS\SYSTEM32\VERSION.dll
0x00007ffc05be0000 - 0x00007ffc05be9000 	C:\WINDOWS\SYSTEM32\WSOCK32.dll
0x00007ffc17aa0000 - 0x00007ffc17b0b000 	C:\WINDOWS\System32\WS2_32.dll
0x00007ffc129c0000 - 0x00007ffc129d2000 	C:\WINDOWS\SYSTEM32\kernel.appcore.dll
0x00007ffc0f5b0000 - 0x00007ffc0f5ba000 	C:\Program Files\JetBrains\PhpStorm 2022.3.3\jbr\bin\jimage.dll
0x00007ffc03d20000 - 0x00007ffc03f04000 	C:\WINDOWS\SYSTEM32\DBGHELP.DLL
0x00007ffc033f0000 - 0x00007ffc0341c000 	C:\WINDOWS\SYSTEM32\dbgcore.DLL
0x00007ffc15e50000 - 0x00007ffc15ed2000 	C:\WINDOWS\System32\bcryptPrimitives.dll
0x00007ffc031f0000 - 0x00007ffc03215000 	C:\Program Files\JetBrains\PhpStorm 2022.3.3\jbr\bin\java.dll

dbghelp: loaded successfully - version: 4.0.5 - missing functions: none
symbol engine: initialized successfully - sym options: 0x614 - pdb path: .;C:\Program Files\JetBrains\PhpStorm 2022.3.3\jbr\bin;C:\WINDOWS\SYSTEM32;C:\WINDOWS\WinSxS\amd64_microsoft.windows.common-controls_6595b64144ccf1df_6.0.19041.1110_none_60b5254171f9507e;C:\Program Files\Citrix\System32;C:\Program Files\Citrix\ICAService;C:\Program Files\JetBrains\PhpStorm 2022.3.3\jbr\bin\server

VM Arguments:
java_command: git4idea.http.GitAskPassApp Username for 'https://github.com': 
java_class_path (initial): C:/Program Files/JetBrains/PhpStorm 2022.3.3/plugins/vcs-git/lib/git4idea-rt.jar;C:/Program Files/JetBrains/PhpStorm 2022.3.3/lib/externalProcess-rt.jar;C:/Program Files/JetBrains/PhpStorm 2022.3.3/lib/app.jar;C:/Program Files/JetBrains/PhpStorm 2022.3.3/lib/3rd-party-rt.jar
Launcher Type: SUN_STANDARD

[Global flags]
     intx CICompilerCount                          = 3                                         {product} {ergonomic}
     uint ConcGCThreads                            = 1                                         {product} {ergonomic}
     uint G1ConcRefinementThreads                  = 4                                         {product} {ergonomic}
   size_t G1HeapRegionSize                         = 2097152                                   {product} {ergonomic}
    uintx GCDrainStackTargetSize                   = 64                                        {product} {ergonomic}
   size_t InitialHeapSize                          = 268435456                                 {product} {ergonomic}
   size_t MarkStackSize                            = 4194304                                   {product} {ergonomic}
   size_t MaxHeapSize                              = 4294967296                                {product} {ergonomic}
   size_t MinHeapDeltaBytes                        = 2097152                                   {product} {ergonomic}
   size_t MinHeapSize                              = 8388608                                   {product} {ergonomic}
    uintx NonNMethodCodeHeapSize                   = 5832780                                {pd product} {ergonomic}
    uintx NonProfiledCodeHeapSize                  = 122912730                              {pd product} {ergonomic}
    uintx ProfiledCodeHeapSize                     = 122912730                              {pd product} {ergonomic}
    uintx ReservedCodeCacheSize                    = 251658240                              {pd product} {ergonomic}
     bool SegmentedCodeCache                       = true                                      {product} {ergonomic}
   size_t SoftMaxHeapSize                          = 4294967296                             {manageable} {ergonomic}
     bool UseCompressedClassPointers               = true                           {product lp64_product} {ergonomic}
     bool UseCompressedOops                        = true                           {product lp64_product} {ergonomic}
     bool UseG1GC                                  = true                                      {product} {ergonomic}
     bool UseLargePagesIndividualAllocation        = false                                  {pd product} {ergonomic}

Logging:
Log output configuration:
 #0: stdout all=warning uptime,level,tags
 #1: stderr all=off uptime,level,tags

Environment Variables:
JAVA_HOME=C:\Program Files\Java\jdk-11.0.11
PATH=C:\Program Files\Git\mingw64\libexec\git-core;C:\Program Files\Git\mingw64\libexec\git-core;C:\Program Files\Git\mingw64\bin;C:\Program Files\Git\usr\bin;C:\Users\mtorchy2022\bin;C:\app\mtorchy2022\product\18.0.0\dbhomeXE\bin;C:\app\Maudilama\product\12.2.0\dbhome_1\bin;C:\Program Files\Eclipse Adoptium\jdk-17.0.5.8-hotspot\bin;C:\Program Files\Common Files\Oracle\Java\javapath;C:\Program Files\Eclipse Foundation\jdk-8.0.302.8-hotspot\bin;C:\WINDOWS\system32;C:\WINDOWS;C:\WINDOWS\System32\Wbem;C:\WINDOWS\System32\WindowsPowerShell\v1.0;C:\WINDOWS\System32\OpenSSH;C:\Program Files\Citrix\System32;C:\Program Files\Citrix\ICAService;C:\Program Files\Microsoft SQL Server\130\Tools\Binn;C:\Program Files\Microsoft SQL Server\Client SDK\ODBC\170\Tools\Binn;C:\Program Files (x86)\Microsoft SQL Server\150\DTS\Binn;C:\Program Files (x86)\Microsoft SQL Server\140\DTS\Binn;C:\Program Files\Microsoft SQL Server\140\DTS\Binn;C:\Program Files\Microsoft SQL Server\Client SDK\ODBC\130\Tools\Binn;C:\Program Files (x86)\Microsoft SQL Server\140\Tools\Binn;C:\Program Files\Microsoft SQL Server\140\Tools\Binn\ManagementStudio;C:\Program Files\Java\jdk-11.0.11\bin";C:\Program Files\dotnet;C:\Program Files\Azure Data Studio\bin;C:\Program Files\Git\cmd;C:\wamp\bin\php\php8.0.26;C:\ProgramData\ComposerSetup\bin;C:\Users\mtorchy2022\AppData\Local\Microsoft\WindowsApps;C:\Users\mtorchy2022\AppData\Local\Programs\Microsoft VS Code\bin;C:\Users\mtorchy2022\AppData\Local\GitHubDesktop\bin;C:\Program Files\JetBrains\PhpStorm 2022.3.3\bin;C:\Users\mtorchy2022\AppData\Roaming\Composer\vendor\bin
USERNAME=mtorchy2022
DISPLAY=:0.0
LC_ALL=en_US.UTF-8
TERM=xterm-256color
TMPDIR=C:\Users\MTORCH~1\AppData\Local\Temp
OS=Windows_NT
PROCESSOR_IDENTIFIER=Intel64 Family 6 Model 85 Stepping 7, GenuineIntel
TMP=C:\Users\MTORCH~1\AppData\Local\Temp
TEMP=C:\Users\MTORCH~1\AppData\Local\Temp



---------------  S Y S T E M  ---------------

OS:
 Windows 10 , 64 bit Build 19041 (10.0.19041.1466)
OS uptime: 0 days 10:03 hours
VMWare virtualization detected

CPU: total 4 (initial active 4) (2 cores per cpu, 1 threads per core) family 6 model 85 stepping 7 microcode 0x5002f00, cx8, cmov, fxsr, mmx, 3dnowpref, sse, sse2, sse3, ssse3, sse4.1, sse4.2, popcnt, lzcnt, tsc, tscinvbit, avx, avx2, aes, erms, clmul, bmi1, bmi2, adx, avx512f, avx512dq, avx512cd, avx512bw, avx512vl, fma, vzeroupper, clflush, clflushopt, clwb, hv

Memory: 4k page, system-wide physical 16382M (7026M free)
TotalPageFile size 20478M (AvailPageFile size 106M)
current process WorkingSet (physical memory assigned to process): 12M, peak: 12M
current process commit charge ("private bytes"): 52M, peak: 308M

vm_info: OpenJDK 64-Bit Server VM (17.0.6+1-b653.34) for windows-amd64 JRE (17.0.6+1-b653.34), built on 2023-02-24 by "builduser" with MS VC++ 16.10 / 16.11 (VS2019)

END.
